<?xml version="1.0" encoding="UTF-8"?>
<robot generator="Robot 5.0.1 (Python 3.8.10 on win32)" generated="20231114 15:20:38.876" rpa="false" schemaversion="3">
<suite id="s1" name="Teste" source="C:\Konia\robotframework\Testes\teste.robot">
<test id="s1-t1" name="Caso de Teste 02 - PEsquisa sobre o artigo JMeter" line="14">
<kw name="Abrir o navegador" library="resources" type="SETUP">
<kw name="Open Browser" library="SeleniumLibrary">
<arg>browser=chrome</arg>
<doc>Opens a new browser instance to the optional ``url``.</doc>
<msg timestamp="20231114 15:20:40.491" level="INFO">Opening browser 'chrome' to base url 'None'.</msg>
<msg timestamp="20231114 15:20:49.593" level="INFO">Cannot capture screenshot because no browser is open.</msg>
<msg timestamp="20231114 15:20:49.593" level="FAIL">SessionNotCreatedException: Message: session not created: This version of ChromeDriver only supports Chrome version 104
Current browser version is 109.0.5414.120 with binary path C:\Program Files\Google\Chrome\Application\chrome.exe
Stacktrace:
Backtrace:
	Ordinal0 [0x011378B3+2193587]
	Ordinal0 [0x010D0681+1771137]
	Ordinal0 [0x00FE41A8+803240]
	Ordinal0 [0x01005CC3+941251]
	Ordinal0 [0x010013EF+922607]
	Ordinal0 [0x00FFEBC1+912321]
	Ordinal0 [0x010323B0+1123248]
	Ordinal0 [0x0103200A+1122314]
	Ordinal0 [0x0102D5C6+1103302]
	Ordinal0 [0x010077E0+948192]
	Ordinal0 [0x010086E6+952038]
	GetHandleVerifier [0x013E0CB2+2738370]
	GetHandleVerifier [0x013D21B8+2678216]
	GetHandleVerifier [0x011C17AA+512954]
	GetHandleVerifier [0x011C0856+509030]
	Ordinal0 [0x010D743B+1799227]
	Ordinal0 [0x010DBB68+1817448]
	Ordinal0 [0x010DBC55+1817685]
	Ordinal0 [0x010E5230+1856048]
	BaseThreadInitThunk [0x7714343D+18]
	RtlInitializeExceptionChain [0x77689802+99]
	RtlInitializeExceptionChain [0x776897D5+54]
</msg>
<status status="FAIL" starttime="20231114 15:20:40.475" endtime="20231114 15:20:49.609"/>
</kw>
<kw name="Maximize Browser Window" library="SeleniumLibrary">
<doc>Maximizes current browser window.</doc>
<status status="NOT RUN" starttime="20231114 15:20:49.609" endtime="20231114 15:20:49.609"/>
</kw>
<status status="FAIL" starttime="20231114 15:20:40.475" endtime="20231114 15:20:49.624"/>
</kw>
<kw name="Fechar o navegador" library="resources" type="TEARDOWN">
<kw name="Capture Page Screenshot" library="SeleniumLibrary">
<doc>Takes a screenshot of the current page and embeds it into a log file.</doc>
<msg timestamp="20231114 15:20:49.624" level="INFO">Cannot capture screenshot because no browser is open.</msg>
<status status="PASS" starttime="20231114 15:20:49.624" endtime="20231114 15:20:49.624"/>
</kw>
<kw name="Close Browser" library="SeleniumLibrary">
<doc>Closes the current browser.</doc>
<status status="PASS" starttime="20231114 15:20:49.624" endtime="20231114 15:20:49.624"/>
</kw>
<status status="PASS" starttime="20231114 15:20:49.624" endtime="20231114 15:20:49.624"/>
</kw>
<tag>busca_artigos</tag>
<status status="FAIL" starttime="20231114 15:20:40.475" endtime="20231114 15:20:49.640">Setup failed:
SessionNotCreatedException: Message: session not created: This version of ChromeDriver only supports Chrome version 104
Current browser version is 109.0.5414.120 with binary path C:\Program Files\Google\Chrome\Application\chrome.exe
Stacktrace:
Backtrace:
	Ordinal0 [0x011378B3+2193587]
	Ordinal0 [0x010D0681+1771137]
	Ordinal0 [0x00FE41A8+803240]
	Ordinal0 [0x01005CC3+941251]
	Ordinal0 [0x010013EF+922607]
	Ordinal0 [0x00FFEBC1+912321]
	Ordinal0 [0x010323B0+1123248]
	Ordinal0 [0x0103200A+1122314]
	Ordinal0 [0x0102D5C6+1103302]
	Ordinal0 [0x010077E0+948192]
	Ordinal0 [0x010086E6+952038]
	GetHandleVerifier [0x013E0CB2+2738370]
	GetHandleVerifier [0x013D21B8+2678216]
	GetHandleVerifier [0x011C17AA+512954]
	GetHandleVerifier [0x011C0856+509030]
	Ordinal0 [0x010D743B+1799227]
	Ordinal0 [0x010DBB68+1817448]
	Ordinal0 [0x010DBC55+1817685]
	Ordinal0 [0x010E5230+1856048]
	BaseThreadInitThunk [0x7714343D+18]
	RtlInitializeExceptionChain [0x77689802+99]
	RtlInitializeExceptionChain [0x776897D5+54]
</status>
</test>
<status status="FAIL" starttime="20231114 15:20:38.892" endtime="20231114 15:20:49.640"/>
</suite>
<statistics>
<total>
<stat pass="0" fail="1" skip="0">All Tests</stat>
</total>
<tag>
<stat pass="0" fail="1" skip="0">busca_artigos</stat>
</tag>
<suite>
<stat pass="0" fail="1" skip="0" id="s1" name="Teste">Teste</stat>
</suite>
</statistics>
<errors>
</errors>
</robot>
